<?xml version="1.0" encoding="UTF-8"?>
<testsuite name="com.example.hello_selenium2.RottenTest" tests="1" skipped="0" failures="0" errors="0" timestamp="2021-02-04T10:14:24" hostname="ubuntu" time="28.151">
  <properties/>
  <testcase name="wanda()" classname="com.example.hello_selenium2.RottenTest" time="28.151"/>
  <system-out><![CDATA[]]></system-out>
  <system-err><![CDATA[1612433665691	geckodriver	INFO	Listening on 127.0.0.1:20151
1612433666552	mozrunner::runner	INFO	Running command: "/usr/lib/firefox/firefox" "--marionette" "-headless" "-foreground" "-no-remote" "-profile" "/tmp/rust_mozprofilediCznS"
*** You are running in headless mode.

(firefox:20245): GLib-GObject-WARNING **: 11:14:27.214: invalid (NULL) pointer instance

(firefox:20245): GLib-GObject-CRITICAL **: 11:14:27.215: g_signal_connect_data: assertion 'G_TYPE_CHECK_INSTANCE (instance)' failed

(/usr/lib/firefox/firefox:20296): GLib-GObject-WARNING **: 11:14:28.085: invalid (NULL) pointer instance

(/usr/lib/firefox/firefox:20296): GLib-GObject-CRITICAL **: 11:14:28.087: g_signal_connect_data: assertion 'G_TYPE_CHECK_INSTANCE (instance)' failed

(/usr/lib/firefox/firefox:20315): GLib-GObject-WARNING **: 11:14:28.548: invalid (NULL) pointer instance

(/usr/lib/firefox/firefox:20315): GLib-GObject-CRITICAL **: 11:14:28.548: g_signal_connect_data: assertion 'G_TYPE_CHECK_INSTANCE (instance)' failed
console.warn: SearchSettings: "get: No settings file exists, new profile?" (new Error("", "(unknown module)"))

(/usr/lib/firefox/firefox:20376): GLib-GObject-WARNING **: 11:14:30.522: invalid (NULL) pointer instance

(/usr/lib/firefox/firefox:20376): GLib-GObject-CRITICAL **: 11:14:30.522: g_signal_connect_data: assertion 'G_TYPE_CHECK_INSTANCE (instance)' failed
1612433670848	Marionette	INFO	Listening on port 45149
1612433670933	Marionette	WARN	TLS certificate errors will be ignored for this session
Feb 04, 2021 11:14:31 AM org.openqa.selenium.remote.ProtocolHandshake createSession
INFO: Detected dialect: W3C
JavaScript error: , line 0: uncaught exception: 7
1612433688125	Marionette	WARN	TimedPromise timed out after 500 ms: stacktrace:
TimedPromise/<@chrome://marionette/content/sync.js:235:19
TimedPromise@chrome://marionette/content/sync.js:220:10
interaction.flushEventLoop@chrome://marionette/content/interaction.js:418:10
webdriverClickElement@chrome://marionette/content/interaction.js:179:31
JavaScript warning: https://pagead2.googlesyndication.com/bg/QbIZIYjtAd1QIBPau0JTfq98hfTrSRMiVf6l7f7hJEY.js line 1 > eval line 2773 > eval, line 1: WebGL warning: <Create>: Can't use WebGL in headless mode (https://bugzil.la/1375585).
JavaScript warning: https://pagead2.googlesyndication.com/bg/QbIZIYjtAd1QIBPau0JTfq98hfTrSRMiVf6l7f7hJEY.js line 1 > eval line 2773 > eval, line 1: Failed to create WebGL context: WebGL creation failed: 
* Can't use WebGL in headless mode (https://bugzil.la/1375585).
1612433691255	Marionette	INFO	Stopped listening on port 45149
JavaScript error: https://m.media-amazon.com/images/S/sash/wDqcPWN-$punknn.js, line 94: NS_ERROR_NOT_INITIALIZED: 
]]></system-err>
</testsuite>
